<?xml version="1.0" encoding="UTF-8"?>
<!-- Generated by org.testng.reporters.JUnitXMLReporter -->
<testsuite ignored="0" hostname="DESKTOP-P39CJOI" failures="0" tests="4" name="Test" time="170.403" errors="0" timestamp="2024-01-26T22:58:11 IST">
  <testcase classname="Runner.Run_test_Script" name="Home_Screen" time="26.248"/>
  <testcase classname="Runner.Run_test_Script" name="Home_Screen_woman" time="17.223"/>
  <testcase classname="Runner.Run_test_Script" name="Home_Screen_Mobile_cover" time="21.224"/>
  <testcase classname="Runner.Run_test_Script" name="Next_Page_Header_details" time="87.73"/>
</testsuite> <!-- Test -->
