<?xml version="1.0" encoding="UTF-8"?>
<!-- Generated by org.testng.reporters.JUnitXMLReporter -->
<testsuite ignored="0" hostname="DESKTOP-P39CJOI" failures="0" tests="3" name="Test" time="194.304" errors="0" timestamp="2024-01-13T10:58:59 IST">
  <testcase classname="Runner.Run_test_Script" name="Home_Screen" time="80.228"/>
  <testcase classname="Runner.Run_test_Script" name="Home_Screen_woman" time="45.275"/>
  <testcase classname="Runner.Run_test_Script" name="Home_Screen_Mobile_cover" time="42.657"/>
</testsuite> <!-- Test -->
