<?xml version="1.0" encoding="UTF-8"?>
<testsuite xmlns:xsi="http://www.w3.org/2001/XMLSchema-instance" xsi:noNamespaceSchemaLocation="https://maven.apache.org/surefire/maven-surefire-plugin/xsd/surefire-test-report-3.0.xsd" version="3.0" name="TestSuite" time="82.887" tests="1" errors="0" skipped="0" failures="0">
  <properties>
[...]
</properties>
  <testcase name="Home_Screen" classname="Runner.Run_test_Script" time="55.409">
    <system-out><![CDATA[Xpath = Printed T Shirts for Men
verification_massage = //h1[contains(@class, 'searchResults') and contains(text(), "Printed T Shirts for Men")]
Page is now correct.
Xpath = Full Sleeve T-Shirts for Men
verification_massage = //h1[contains(@class, 'searchResults') and contains(text(), "Full Sleeve T-Shirts for Men")]
Page is now correct.
Xpath = Oversized T-Shirts for Men
verification_massage = //h1[contains(@class, 'searchResults') and contains(text(), "Oversized T-Shirts for Men")]
Page is now correct.
Xpath = T-Shirts for Men
verification_massage = //h1[contains(@class, 'searchResults') and contains(text(), "T-Shirts for Men")]
Page is now correct.
Xpath = Men's Polo T-Shirts
verification_massage = //h1[contains(@class, 'searchResults') and contains(text(), "Men's Polo T-Shirts")]
Caught an exception: The element with the reference 0ec96aa9-1694-454d-ac43-62411c843947 is stale; either its node document is not the active document, or it is no longer connected to the DOM
For documentation on this error, please visit: https://www.selenium.dev/documentation/webdriver/troubleshooting/errors#stale-element-reference-exception
Build info: version: '4.16.1', revision: '9b4c83354e'
System info: os.name: 'Windows 10', os.arch: 'amd64', os.version: '10.0', java.version: '17.0.2'
Driver info: org.openqa.selenium.firefox.FirefoxDriver
Command: [00919f67-08e6-455a-8c2b-018ae8015236, isElementDisplayed {id=0ec96aa9-1694-454d-ac43-62411c843947}]
Capabilities {acceptInsecureCerts: true, browserName: firefox, browserVersion: 116.0.2, moz:accessibilityChecks: false, moz:buildID: 20230805021307, moz:debuggerAddress: 127.0.0.1:21487, moz:geckodriverVersion: 0.34.0, moz:headless: false, moz:platformVersion: 10.0, moz:processID: 12776, moz:profile: C:\Users\hp\AppData\Local\T..., moz:shutdownTimeout: 60000, moz:webdriverClick: true, moz:windowless: false, pageLoadStrategy: normal, platformName: windows, proxy: Proxy(), se:cdp: ws://127.0.0.1:21487/devtoo..., se:cdpVersion: 85.0, setWindowRect: true, strictFileInteractability: false, timeouts: {implicit: 0, pageLoad: 300000, script: 30000}, unhandledPromptBehavior: dismiss and notify}
Element: [[FirefoxDriver: firefox on windows (00919f67-08e6-455a-8c2b-018ae8015236)] -> xpath: //h1[contains(@class, 'searchResults') and contains(text(), "Men's Polo T-Shirts")]]
Session ID: 00919f67-08e6-455a-8c2b-018ae8015236
Xpath = Men's Combo T-Shirt
verification_massage = //h1[contains(@class, 'searchResults') and contains(text(), "Men's Combo T-Shirt")]
Caught an exception: The element with the reference 42695ddf-ddde-4e73-86ce-6d8f892031fb is stale; either its node document is not the active document, or it is no longer connected to the DOM
For documentation on this error, please visit: https://www.selenium.dev/documentation/webdriver/troubleshooting/errors#stale-element-reference-exception
Build info: version: '4.16.1', revision: '9b4c83354e'
System info: os.name: 'Windows 10', os.arch: 'amd64', os.version: '10.0', java.version: '17.0.2'
Driver info: org.openqa.selenium.firefox.FirefoxDriver
Command: [00919f67-08e6-455a-8c2b-018ae8015236, isElementDisplayed {id=42695ddf-ddde-4e73-86ce-6d8f892031fb}]
Capabilities {acceptInsecureCerts: true, browserName: firefox, browserVersion: 116.0.2, moz:accessibilityChecks: false, moz:buildID: 20230805021307, moz:debuggerAddress: 127.0.0.1:21487, moz:geckodriverVersion: 0.34.0, moz:headless: false, moz:platformVersion: 10.0, moz:processID: 12776, moz:profile: C:\Users\hp\AppData\Local\T..., moz:shutdownTimeout: 60000, moz:webdriverClick: true, moz:windowless: false, pageLoadStrategy: normal, platformName: windows, proxy: Proxy(), se:cdp: ws://127.0.0.1:21487/devtoo..., se:cdpVersion: 85.0, setWindowRect: true, strictFileInteractability: false, timeouts: {implicit: 0, pageLoad: 300000, script: 30000}, unhandledPromptBehavior: dismiss and notify}
Element: [[FirefoxDriver: firefox on windows (00919f67-08e6-455a-8c2b-018ae8015236)] -> xpath: //h1[contains(@class, 'searchResults') and contains(text(), "Men's Combo T-Shirt")]]
Session ID: 00919f67-08e6-455a-8c2b-018ae8015236
Page is now correct.
Page is now correct.
Page is now correct.
Page is now correct.
]]></system-out>
    <system-err><![CDATA[ERROR StatusLogger Log4j2 could not find a logging implementation. Please add log4j-core to the classpath. Using SimpleLogger to log to the console...
]]></system-err>
  </testcase>
</testsuite>