<?xml version="1.0" encoding="UTF-8"?>
<testng-results ignored="0" total="1" passed="1" failed="0" skipped="0">
  <reporter-output>
  </reporter-output>
  <suite started-at="2024-01-09T21:53:19 IST" name="Suite" finished-at="2024-01-09T21:54:14 IST" duration-ms="55559">
    <groups>
    </groups>
    <test started-at="2024-01-09T21:53:19 IST" name="Test" finished-at="2024-01-09T21:54:14 IST" duration-ms="55559">
      <class name="Runner.Run_test_Script">
        <test-method is-config="true" signature="Start_browser()[pri:0, instance:Runner.Run_test_Script@18ce0030]" started-at="2024-01-09T21:53:19 IST" name="Start_browser" finished-at="2024-01-09T21:53:42 IST" duration-ms="23051" status="PASS">
          <reporter-output>
          </reporter-output>
        </test-method> <!-- Start_browser -->
        <test-method signature="Home_Screen()[pri:0, instance:Runner.Run_test_Script@18ce0030]" started-at="2024-01-09T21:53:42 IST" name="Home_Screen" finished-at="2024-01-09T21:54:14 IST" duration-ms="32394" status="PASS">
          <reporter-output>
          </reporter-output>
        </test-method> <!-- Home_Screen -->
      </class> <!-- Runner.Run_test_Script -->
    </test> <!-- Test -->
  </suite> <!-- Suite -->
</testng-results>
